mode: set
debtreportapp/internal/httpclient/client.go:38.54,40.19 1 0
debtreportapp/internal/httpclient/client.go:40.19,42.3 1 0
debtreportapp/internal/httpclient/client.go:43.2,44.16 2 0
debtreportapp/internal/httpclient/client.go:44.16,46.3 1 0
debtreportapp/internal/httpclient/client.go:48.2,57.24 3 0
debtreportapp/internal/httpclient/client.go:61.104,63.15 2 1
debtreportapp/internal/httpclient/client.go:63.15,65.17 2 0
debtreportapp/internal/httpclient/client.go:65.17,67.4 1 0
debtreportapp/internal/httpclient/client.go:68.3,68.26 1 0
debtreportapp/internal/httpclient/client.go:70.2,71.16 2 1
debtreportapp/internal/httpclient/client.go:71.16,73.3 1 0
debtreportapp/internal/httpclient/client.go:74.2,75.16 2 1
debtreportapp/internal/httpclient/client.go:75.16,77.3 1 0
debtreportapp/internal/httpclient/client.go:78.2,78.17 1 1
debtreportapp/internal/httpclient/client.go:78.17,80.3 1 0
debtreportapp/internal/httpclient/client.go:81.2,83.55 3 1
debtreportapp/internal/httpclient/client.go:83.55,85.3 1 0
debtreportapp/internal/httpclient/client.go:86.2,86.25 1 1
debtreportapp/internal/httpclient/client.go:87.41,88.50 1 1
debtreportapp/internal/httpclient/client.go:88.50,90.4 1 0
debtreportapp/internal/httpclient/client.go:91.10,92.68 1 1
debtreportapp/internal/httpclient/client.go:94.2,94.12 1 1
debtreportapp/internal/httpclient/debt.go:8.55,14.2 5 1
debtreportapp/internal/httpclient/payment.go:8.61,14.2 5 1
debtreportapp/internal/httpclient/paymentplan.go:8.70,14.2 5 1
debtreportapp/internal/reports/debtreport.go:22.43,26.36 3 1
debtreportapp/internal/reports/debtreport.go:26.36,28.3 1 1
debtreportapp/internal/reports/debtreport.go:30.2,30.31 1 1
debtreportapp/internal/reports/debtreport.go:30.31,32.3 1 1
debtreportapp/internal/reports/debtreport.go:33.2,34.28 2 1
debtreportapp/internal/reports/debtreport.go:34.28,41.30 2 1
debtreportapp/internal/reports/debtreport.go:41.30,43.31 2 1
debtreportapp/internal/reports/debtreport.go:43.31,45.5 1 1
debtreportapp/internal/reports/debtreport.go:47.3,47.39 1 1
debtreportapp/internal/reports/debtreport.go:50.2,50.19 1 1
debtreportapp/internal/reports/debtreport.go:53.63,55.47 2 1
debtreportapp/internal/reports/debtreport.go:55.47,57.3 1 1
debtreportapp/internal/reports/debtreport.go:58.2,58.24 1 1
